<?xml version="1.0" encoding="UTF-8"?>
<testng-results ignored="0" total="4" passed="2" failed="2" skipped="0">
  <reporter-output>
  </reporter-output>
  <suite started-at="2023-07-05T00:41:16 IST" name="Suite" finished-at="2023-07-05T00:42:20 IST" duration-ms="63971">
    <groups>
    </groups>
    <test started-at="2023-07-05T00:41:16 IST" name="login" finished-at="2023-07-05T00:41:28 IST" duration-ms="12922">
      <class name="com.goibibo.runnerclass">
        <test-method is-config="true" signature="lauchurl()[pri:0, instance:com.goibibo.runnerclass@548a24a]" started-at="2023-07-05T00:41:16 IST" name="lauchurl" finished-at="2023-07-05T00:41:18 IST" duration-ms="2570" status="PASS">
          <reporter-output>
          </reporter-output>
        </test-method> <!-- lauchurl -->
        <test-method signature="login(java.lang.String)[pri:-2, instance:com.goibibo.runnerclass@548a24a]" started-at="2023-07-05T00:41:18 IST" name="login" finished-at="2023-07-05T00:41:28 IST" duration-ms="10268" status="PASS">
          <params>
            <param index="0">
              <value>
                <![CDATA[9025855549]]>
              </value>
            </param>
          </params>
          <reporter-output>
          </reporter-output>
        </test-method> <!-- login -->
        <test-method signature="search(java.lang.String,java.lang.String)[pri:-1, instance:com.goibibo.runnerclass@548a24a]" started-at="2023-07-05T00:41:28 IST" name="search" finished-at="2023-07-05T00:41:28 IST" duration-ms="0" status="FAIL">
          <exception class="org.testng.TestNGException">
            <message>
              <![CDATA[
Parameter 'from' is required by @Test on method search but has not been marked @Optional or defined
in C:\Users\jayak\eclipse-workspace\goibibo\testng.xml]]>
            </message>
            <full-stacktrace>
              <![CDATA[org.testng.TestNGException: 
Parameter 'from' is required by @Test on method search but has not been marked @Optional or defined
in C:\Users\jayak\eclipse-workspace\goibibo\testng.xml
at org.testng.internal.Parameters.createParams(Parameters.java:267)
at org.testng.internal.Parameters.createParametersForMethod(Parameters.java:355)
at org.testng.internal.Parameters.createParameters(Parameters.java:684)
at org.testng.internal.Parameters.handleParameters(Parameters.java:879)
at org.testng.internal.Parameters.handleParameters(Parameters.java:728)
at org.testng.internal.invokers.ParameterHandler.handleParameters(ParameterHandler.java:72)
at org.testng.internal.invokers.ParameterHandler.createParameters(ParameterHandler.java:51)
at org.testng.internal.invokers.TestInvoker$MethodInvocationAgent.invoke(TestInvoker.java:911)
at org.testng.internal.invokers.TestInvoker.invokeTestMethods(TestInvoker.java:200)
at org.testng.internal.invokers.TestMethodWorker.invokeTestMethods(TestMethodWorker.java:148)
at org.testng.internal.invokers.TestMethodWorker.run(TestMethodWorker.java:128)
at java.base/java.util.ArrayList.forEach(ArrayList.java:1541)
at org.testng.TestRunner.privateRun(TestRunner.java:848)
at org.testng.TestRunner.run(TestRunner.java:621)
at org.testng.SuiteRunner.runTest(SuiteRunner.java:443)
at org.testng.SuiteRunner.runSequentially(SuiteRunner.java:437)
at org.testng.SuiteRunner.privateRun(SuiteRunner.java:397)
at org.testng.SuiteRunner.run(SuiteRunner.java:336)
at org.testng.SuiteRunnerWorker.runSuite(SuiteRunnerWorker.java:52)
at org.testng.SuiteRunnerWorker.run(SuiteRunnerWorker.java:95)
at org.testng.TestNG.runSuitesSequentially(TestNG.java:1280)
at org.testng.TestNG.runSuitesLocally(TestNG.java:1200)
at org.testng.TestNG.runSuites(TestNG.java:1114)
at org.testng.TestNG.run(TestNG.java:1082)
at org.testng.remote.AbstractRemoteTestNG.run(AbstractRemoteTestNG.java:115)
at org.testng.remote.RemoteTestNG.initAndRun(RemoteTestNG.java:251)
at org.testng.remote.RemoteTestNG.main(RemoteTestNG.java:77)
]]>
            </full-stacktrace>
          </exception> <!-- org.testng.TestNGException -->
          <reporter-output>
          </reporter-output>
        </test-method> <!-- search -->
      </class> <!-- com.goibibo.runnerclass -->
    </test> <!-- login -->
    <test started-at="2023-07-05T00:41:29 IST" name="search" finished-at="2023-07-05T00:42:20 IST" duration-ms="50984">
      <class name="com.goibibo.runnerclass">
        <test-method is-config="true" signature="browserlaunch()[pri:0, instance:com.goibibo.runnerclass@57bc27f5]" started-at="2023-07-05T00:41:13 IST" name="browserlaunch" finished-at="2023-07-05T00:41:16 IST" duration-ms="2849" status="PASS">
          <reporter-output>
          </reporter-output>
        </test-method> <!-- browserlaunch -->
        <test-method is-config="true" signature="lauchurl()[pri:0, instance:com.goibibo.runnerclass@57bc27f5]" started-at="2023-07-05T00:41:29 IST" name="lauchurl" finished-at="2023-07-05T00:41:30 IST" duration-ms="1188" status="PASS">
          <reporter-output>
          </reporter-output>
        </test-method> <!-- lauchurl -->
        <test-method signature="login(java.lang.String)[pri:-2, instance:com.goibibo.runnerclass@57bc27f5]" started-at="2023-07-05T00:41:30 IST" name="login" finished-at="2023-07-05T00:41:30 IST" duration-ms="0" status="FAIL">
          <exception class="org.testng.TestNGException">
            <message>
              <![CDATA[
Parameter 'mobileno' is required by @Test on method login but has not been marked @Optional or defined
in C:\Users\jayak\eclipse-workspace\goibibo\testng.xml]]>
            </message>
            <full-stacktrace>
              <![CDATA[org.testng.TestNGException: 
Parameter 'mobileno' is required by @Test on method login but has not been marked @Optional or defined
in C:\Users\jayak\eclipse-workspace\goibibo\testng.xml
at org.testng.internal.Parameters.createParams(Parameters.java:267)
at org.testng.internal.Parameters.createParametersForMethod(Parameters.java:355)
at org.testng.internal.Parameters.createParameters(Parameters.java:684)
at org.testng.internal.Parameters.handleParameters(Parameters.java:879)
at org.testng.internal.Parameters.handleParameters(Parameters.java:728)
at org.testng.internal.invokers.ParameterHandler.handleParameters(ParameterHandler.java:72)
at org.testng.internal.invokers.ParameterHandler.createParameters(ParameterHandler.java:51)
at org.testng.internal.invokers.TestInvoker$MethodInvocationAgent.invoke(TestInvoker.java:911)
at org.testng.internal.invokers.TestInvoker.invokeTestMethods(TestInvoker.java:200)
at org.testng.internal.invokers.TestMethodWorker.invokeTestMethods(TestMethodWorker.java:148)
at org.testng.internal.invokers.TestMethodWorker.run(TestMethodWorker.java:128)
at java.base/java.util.ArrayList.forEach(ArrayList.java:1541)
at org.testng.TestRunner.privateRun(TestRunner.java:848)
at org.testng.TestRunner.run(TestRunner.java:621)
at org.testng.SuiteRunner.runTest(SuiteRunner.java:443)
at org.testng.SuiteRunner.runSequentially(SuiteRunner.java:437)
at org.testng.SuiteRunner.privateRun(SuiteRunner.java:397)
at org.testng.SuiteRunner.run(SuiteRunner.java:336)
at org.testng.SuiteRunnerWorker.runSuite(SuiteRunnerWorker.java:52)
at org.testng.SuiteRunnerWorker.run(SuiteRunnerWorker.java:95)
at org.testng.TestNG.runSuitesSequentially(TestNG.java:1280)
at org.testng.TestNG.runSuitesLocally(TestNG.java:1200)
at org.testng.TestNG.runSuites(TestNG.java:1114)
at org.testng.TestNG.run(TestNG.java:1082)
at org.testng.remote.AbstractRemoteTestNG.run(AbstractRemoteTestNG.java:115)
at org.testng.remote.RemoteTestNG.initAndRun(RemoteTestNG.java:251)
at org.testng.remote.RemoteTestNG.main(RemoteTestNG.java:77)
]]>
            </full-stacktrace>
          </exception> <!-- org.testng.TestNGException -->
          <reporter-output>
          </reporter-output>
        </test-method> <!-- login -->
        <test-method signature="search(java.lang.String,java.lang.String)[pri:-1, instance:com.goibibo.runnerclass@57bc27f5]" started-at="2023-07-05T00:41:30 IST" name="search" finished-at="2023-07-05T00:42:20 IST" duration-ms="49788" status="PASS">
          <params>
            <param index="0">
              <value>
                <![CDATA[MAA]]>
              </value>
            </param>
            <param index="1">
              <value>
                <![CDATA[TRV]]>
              </value>
            </param>
          </params>
          <reporter-output>
          </reporter-output>
        </test-method> <!-- search -->
      </class> <!-- com.goibibo.runnerclass -->
    </test> <!-- search -->
  </suite> <!-- Suite -->
</testng-results>
